<?xml version="1.0" encoding="UTF-8"?>
<!-- Generated by org.testng.reporters.JUnitXMLReporter -->
<testsuite hostname="DESKTOP-Q44GKQB" ignored="0" name="nopcommerce homepage Test" tests="7" failures="0" timestamp="2022-12-13T00:12:35 AEST" time="35.474" errors="0">
  <testcase name="verifyPageNavigationApparel" time="1.053" classname="com.nopcommerce.demo.testsuite.HomePageTest"/>
  <testcase name="verifyPageNavigationBooks" time="0.624" classname="com.nopcommerce.demo.testsuite.HomePageTest"/>
  <testcase name="verifyPageNavigationComputer" time="0.581" classname="com.nopcommerce.demo.testsuite.HomePageTest"/>
  <testcase name="verifyPageNavigationDigitalDownloads" time="1.698" classname="com.nopcommerce.demo.testsuite.HomePageTest"/>
  <testcase name="verifyPageNavigationElectronics" time="1.01" classname="com.nopcommerce.demo.testsuite.HomePageTest"/>
  <testcase name="verifyPageNavigationGiftCards" time="1.436" classname="com.nopcommerce.demo.testsuite.HomePageTest"/>
  <testcase name="verifyPageNavigationJewelry" time="1.026" classname="com.nopcommerce.demo.testsuite.HomePageTest"/>
</testsuite> <!-- nopcommerce homepage Test -->
