<?xml version="1.0" encoding="UTF-8"?>
<!-- Generated by org.testng.reporters.JUnitXMLReporter -->
<testsuite hostname="DESKTOP-Q44GKQB" ignored="0" name="nopcommerce computer Test" tests="2" failures="0" timestamp="2022-12-13T00:50:30 AEST" time="37.157" errors="0">
  <testcase name="verifyProductAddedToShoppingCartSuccessFully" time="26.653" classname="com.nopcommerce.demo.testsuite.ComputerTest"/>
  <testcase name="verifyProductArrangeInAlphaBaticalOrder" time="2.137" classname="com.nopcommerce.demo.testsuite.ComputerTest"/>
</testsuite> <!-- nopcommerce computer Test -->
