<?xml version="1.0" encoding="UTF-8"?>
<!-- Generated by org.testng.reporters.JUnitXMLReporter -->
<testsuite hostname="DESKTOP-Q44GKQB" ignored="8" name="sanity Test" tests="3" failures="0" timestamp="2022-12-13T23:11:05 AEST" time="16.541" errors="0">
  <testcase name="verifyUserShouldNavigateToCellPhonesPageSuccessfully" time="0.811" classname="com.nopcommerce.demo.testsuite.ElectronicsTest"/>
  <testcase name="verifyPageNavigationComputer" time="1.003" classname="com.nopcommerce.demo.testsuite.HomePageTest"/>
  <testcase name="verifyProductArrangeInAlphaBaticalOrder" time="2.13" classname="com.nopcommerce.demo.testsuite.ComputerTest"/>
  <testcase name="verifyThatTheProductAddedSuccessfullyAndPlaceOrderSuccessfully" time="0.0" classname="com.nopcommerce.demo.testsuite.ElectronicsTest">
    <ignored/>
  </testcase> <!-- verifyThatTheProductAddedSuccessfullyAndPlaceOrderSuccessfully -->
  <testcase name="verifyPageNavigationDigitalDownloads" time="0.0" classname="com.nopcommerce.demo.testsuite.HomePageTest">
    <ignored/>
  </testcase> <!-- verifyPageNavigationDigitalDownloads -->
  <testcase name="verifyPageNavigationElectronics" time="0.0" classname="com.nopcommerce.demo.testsuite.HomePageTest">
    <ignored/>
  </testcase> <!-- verifyPageNavigationElectronics -->
  <testcase name="verifyPageNavigationApparel" time="0.0" classname="com.nopcommerce.demo.testsuite.HomePageTest">
    <ignored/>
  </testcase> <!-- verifyPageNavigationApparel -->
  <testcase name="verifyPageNavigationGiftCards" time="0.0" classname="com.nopcommerce.demo.testsuite.HomePageTest">
    <ignored/>
  </testcase> <!-- verifyPageNavigationGiftCards -->
  <testcase name="verifyProductAddedToShoppingCartSuccessFully" time="0.0" classname="com.nopcommerce.demo.testsuite.ComputerTest">
    <ignored/>
  </testcase> <!-- verifyProductAddedToShoppingCartSuccessFully -->
  <testcase name="verifyPageNavigationBooks" time="0.0" classname="com.nopcommerce.demo.testsuite.HomePageTest">
    <ignored/>
  </testcase> <!-- verifyPageNavigationBooks -->
  <testcase name="verifyPageNavigationJewelry" time="0.0" classname="com.nopcommerce.demo.testsuite.HomePageTest">
    <ignored/>
  </testcase> <!-- verifyPageNavigationJewelry -->
</testsuite> <!-- sanity Test -->
